<?xml version="1.0" encoding="UTF-8"?>
<testsuite xmlns:xsi="http://www.w3.org/2001/XMLSchema-instance" xsi:noNamespaceSchemaLocation="https://maven.apache.org/surefire/maven-surefire-plugin/xsd/surefire-test-report-3.0.xsd" version="3.0" name="ServerHandlerTest" time="1.277" tests="7" errors="0" skipped="0" failures="0">
  <properties>
    <property name="java.specification.version" value="23"/>
    <property name="sun.cpu.isalist" value="amd64"/>
    <property name="sun.jnu.encoding" value="Cp1251"/>
    <property name="java.class.path" value="C:\Users\volts\IdeaProjects\VotesSystem\target\test-classes;C:\Users\volts\IdeaProjects\VotesSystem\target\classes;C:\Users\volts\.m2\repository\io\netty\netty-all\4.1.119.Final\netty-all-4.1.119.Final.jar;C:\Users\volts\.m2\repository\io\netty\netty-buffer\4.1.119.Final\netty-buffer-4.1.119.Final.jar;C:\Users\volts\.m2\repository\io\netty\netty-codec\4.1.119.Final\netty-codec-4.1.119.Final.jar;C:\Users\volts\.m2\repository\io\netty\netty-codec-dns\4.1.119.Final\netty-codec-dns-4.1.119.Final.jar;C:\Users\volts\.m2\repository\io\netty\netty-codec-haproxy\4.1.119.Final\netty-codec-haproxy-4.1.119.Final.jar;C:\Users\volts\.m2\repository\io\netty\netty-codec-http\4.1.119.Final\netty-codec-http-4.1.119.Final.jar;C:\Users\volts\.m2\repository\io\netty\netty-codec-http2\4.1.119.Final\netty-codec-http2-4.1.119.Final.jar;C:\Users\volts\.m2\repository\io\netty\netty-codec-memcache\4.1.119.Final\netty-codec-memcache-4.1.119.Final.jar;C:\Users\volts\.m2\repository\io\netty\netty-codec-mqtt\4.1.119.Final\netty-codec-mqtt-4.1.119.Final.jar;C:\Users\volts\.m2\repository\io\netty\netty-codec-redis\4.1.119.Final\netty-codec-redis-4.1.119.Final.jar;C:\Users\volts\.m2\repository\io\netty\netty-codec-smtp\4.1.119.Final\netty-codec-smtp-4.1.119.Final.jar;C:\Users\volts\.m2\repository\io\netty\netty-codec-socks\4.1.119.Final\netty-codec-socks-4.1.119.Final.jar;C:\Users\volts\.m2\repository\io\netty\netty-codec-stomp\4.1.119.Final\netty-codec-stomp-4.1.119.Final.jar;C:\Users\volts\.m2\repository\io\netty\netty-codec-xml\4.1.119.Final\netty-codec-xml-4.1.119.Final.jar;C:\Users\volts\.m2\repository\io\netty\netty-common\4.1.119.Final\netty-common-4.1.119.Final.jar;C:\Users\volts\.m2\repository\io\netty\netty-handler\4.1.119.Final\netty-handler-4.1.119.Final.jar;C:\Users\volts\.m2\repository\io\netty\netty-transport-native-unix-common\4.1.119.Final\netty-transport-native-unix-common-4.1.119.Final.jar;C:\Users\volts\.m2\repository\io\netty\netty-handler-proxy\4.1.119.Final\netty-handler-proxy-4.1.119.Final.jar;C:\Users\volts\.m2\repository\io\netty\netty-handler-ssl-ocsp\4.1.119.Final\netty-handler-ssl-ocsp-4.1.119.Final.jar;C:\Users\volts\.m2\repository\io\netty\netty-resolver\4.1.119.Final\netty-resolver-4.1.119.Final.jar;C:\Users\volts\.m2\repository\io\netty\netty-resolver-dns\4.1.119.Final\netty-resolver-dns-4.1.119.Final.jar;C:\Users\volts\.m2\repository\io\netty\netty-transport\4.1.119.Final\netty-transport-4.1.119.Final.jar;C:\Users\volts\.m2\repository\io\netty\netty-transport-rxtx\4.1.119.Final\netty-transport-rxtx-4.1.119.Final.jar;C:\Users\volts\.m2\repository\io\netty\netty-transport-sctp\4.1.119.Final\netty-transport-sctp-4.1.119.Final.jar;C:\Users\volts\.m2\repository\io\netty\netty-transport-udt\4.1.119.Final\netty-transport-udt-4.1.119.Final.jar;C:\Users\volts\.m2\repository\io\netty\netty-transport-classes-epoll\4.1.119.Final\netty-transport-classes-epoll-4.1.119.Final.jar;C:\Users\volts\.m2\repository\io\netty\netty-transport-classes-kqueue\4.1.119.Final\netty-transport-classes-kqueue-4.1.119.Final.jar;C:\Users\volts\.m2\repository\io\netty\netty-resolver-dns-classes-macos\4.1.119.Final\netty-resolver-dns-classes-macos-4.1.119.Final.jar;C:\Users\volts\.m2\repository\io\netty\netty-transport-native-epoll\4.1.119.Final\netty-transport-native-epoll-4.1.119.Final-linux-x86_64.jar;C:\Users\volts\.m2\repository\io\netty\netty-transport-native-epoll\4.1.119.Final\netty-transport-native-epoll-4.1.119.Final-linux-aarch_64.jar;C:\Users\volts\.m2\repository\io\netty\netty-transport-native-epoll\4.1.119.Final\netty-transport-native-epoll-4.1.119.Final-linux-riscv64.jar;C:\Users\volts\.m2\repository\io\netty\netty-transport-native-kqueue\4.1.119.Final\netty-transport-native-kqueue-4.1.119.Final-osx-x86_64.jar;C:\Users\volts\.m2\repository\io\netty\netty-transport-native-kqueue\4.1.119.Final\netty-transport-native-kqueue-4.1.119.Final-osx-aarch_64.jar;C:\Users\volts\.m2\repository\io\netty\netty-resolver-dns-native-macos\4.1.119.Final\netty-resolver-dns-native-macos-4.1.119.Final-osx-x86_64.jar;C:\Users\volts\.m2\repository\io\netty\netty-resolver-dns-native-macos\4.1.119.Final\netty-resolver-dns-native-macos-4.1.119.Final-osx-aarch_64.jar;C:\Users\volts\.m2\repository\org\slf4j\slf4j-api\2.0.7\slf4j-api-2.0.7.jar;C:\Users\volts\.m2\repository\ch\qos\logback\logback-classic\1.4.7\logback-classic-1.4.7.jar;C:\Users\volts\.m2\repository\ch\qos\logback\logback-core\1.4.7\logback-core-1.4.7.jar;C:\Users\volts\.m2\repository\com\fasterxml\jackson\core\jackson-core\2.15.2\jackson-core-2.15.2.jar;C:\Users\volts\.m2\repository\com\fasterxml\jackson\core\jackson-databind\2.15.2\jackson-databind-2.15.2.jar;C:\Users\volts\.m2\repository\com\fasterxml\jackson\core\jackson-annotations\2.15.2\jackson-annotations-2.15.2.jar;C:\Users\volts\.m2\repository\org\junit\jupiter\junit-jupiter-api\5.10.0\junit-jupiter-api-5.10.0.jar;C:\Users\volts\.m2\repository\org\opentest4j\opentest4j\1.3.0\opentest4j-1.3.0.jar;C:\Users\volts\.m2\repository\org\junit\platform\junit-platform-commons\1.10.0\junit-platform-commons-1.10.0.jar;C:\Users\volts\.m2\repository\org\apiguardian\apiguardian-api\1.1.2\apiguardian-api-1.1.2.jar;C:\Users\volts\.m2\repository\org\junit\jupiter\junit-jupiter-engine\5.10.0\junit-jupiter-engine-5.10.0.jar;C:\Users\volts\.m2\repository\org\junit\platform\junit-platform-engine\1.10.0\junit-platform-engine-1.10.0.jar;C:\Users\volts\.m2\repository\org\mockito\mockito-core\5.5.0\mockito-core-5.5.0.jar;C:\Users\volts\.m2\repository\net\bytebuddy\byte-buddy\1.14.6\byte-buddy-1.14.6.jar;C:\Users\volts\.m2\repository\net\bytebuddy\byte-buddy-agent\1.14.6\byte-buddy-agent-1.14.6.jar;C:\Users\volts\.m2\repository\org\objenesis\objenesis\3.3\objenesis-3.3.jar;C:\Users\volts\.m2\repository\org\mockito\mockito-junit-jupiter\5.5.0\mockito-junit-jupiter-5.5.0.jar;"/>
    <property name="java.vm.vendor" value="Oracle Corporation"/>
    <property name="sun.arch.data.model" value="64"/>
    <property name="user.variant" value=""/>
    <property name="java.vendor.url" value="https://java.oracle.com/"/>
    <property name="user.timezone" value="Europe/Moscow"/>
    <property name="os.name" value="Windows 11"/>
    <property name="java.vm.specification.version" value="23"/>
    <property name="sun.java.launcher" value="SUN_STANDARD"/>
    <property name="user.country" value="RU"/>
    <property name="sun.boot.library.path" value="C:\Program Files\Java\jdk-23\bin"/>
    <property name="sun.java.command" value="C:\Users\volts\AppData\Local\Temp\surefire7753856815885641449\surefirebooter-20250303061907846_3.jar C:\Users\volts\AppData\Local\Temp\surefire7753856815885641449 2025-03-03T06-19-07_732-jvmRun1 surefire-20250303061907846_1tmp surefire_0-20250303061907846_2tmp"/>
    <property name="jdk.debug" value="release"/>
    <property name="surefire.test.class.path" value="C:\Users\volts\IdeaProjects\VotesSystem\target\test-classes;C:\Users\volts\IdeaProjects\VotesSystem\target\classes;C:\Users\volts\.m2\repository\io\netty\netty-all\4.1.119.Final\netty-all-4.1.119.Final.jar;C:\Users\volts\.m2\repository\io\netty\netty-buffer\4.1.119.Final\netty-buffer-4.1.119.Final.jar;C:\Users\volts\.m2\repository\io\netty\netty-codec\4.1.119.Final\netty-codec-4.1.119.Final.jar;C:\Users\volts\.m2\repository\io\netty\netty-codec-dns\4.1.119.Final\netty-codec-dns-4.1.119.Final.jar;C:\Users\volts\.m2\repository\io\netty\netty-codec-haproxy\4.1.119.Final\netty-codec-haproxy-4.1.119.Final.jar;C:\Users\volts\.m2\repository\io\netty\netty-codec-http\4.1.119.Final\netty-codec-http-4.1.119.Final.jar;C:\Users\volts\.m2\repository\io\netty\netty-codec-http2\4.1.119.Final\netty-codec-http2-4.1.119.Final.jar;C:\Users\volts\.m2\repository\io\netty\netty-codec-memcache\4.1.119.Final\netty-codec-memcache-4.1.119.Final.jar;C:\Users\volts\.m2\repository\io\netty\netty-codec-mqtt\4.1.119.Final\netty-codec-mqtt-4.1.119.Final.jar;C:\Users\volts\.m2\repository\io\netty\netty-codec-redis\4.1.119.Final\netty-codec-redis-4.1.119.Final.jar;C:\Users\volts\.m2\repository\io\netty\netty-codec-smtp\4.1.119.Final\netty-codec-smtp-4.1.119.Final.jar;C:\Users\volts\.m2\repository\io\netty\netty-codec-socks\4.1.119.Final\netty-codec-socks-4.1.119.Final.jar;C:\Users\volts\.m2\repository\io\netty\netty-codec-stomp\4.1.119.Final\netty-codec-stomp-4.1.119.Final.jar;C:\Users\volts\.m2\repository\io\netty\netty-codec-xml\4.1.119.Final\netty-codec-xml-4.1.119.Final.jar;C:\Users\volts\.m2\repository\io\netty\netty-common\4.1.119.Final\netty-common-4.1.119.Final.jar;C:\Users\volts\.m2\repository\io\netty\netty-handler\4.1.119.Final\netty-handler-4.1.119.Final.jar;C:\Users\volts\.m2\repository\io\netty\netty-transport-native-unix-common\4.1.119.Final\netty-transport-native-unix-common-4.1.119.Final.jar;C:\Users\volts\.m2\repository\io\netty\netty-handler-proxy\4.1.119.Final\netty-handler-proxy-4.1.119.Final.jar;C:\Users\volts\.m2\repository\io\netty\netty-handler-ssl-ocsp\4.1.119.Final\netty-handler-ssl-ocsp-4.1.119.Final.jar;C:\Users\volts\.m2\repository\io\netty\netty-resolver\4.1.119.Final\netty-resolver-4.1.119.Final.jar;C:\Users\volts\.m2\repository\io\netty\netty-resolver-dns\4.1.119.Final\netty-resolver-dns-4.1.119.Final.jar;C:\Users\volts\.m2\repository\io\netty\netty-transport\4.1.119.Final\netty-transport-4.1.119.Final.jar;C:\Users\volts\.m2\repository\io\netty\netty-transport-rxtx\4.1.119.Final\netty-transport-rxtx-4.1.119.Final.jar;C:\Users\volts\.m2\repository\io\netty\netty-transport-sctp\4.1.119.Final\netty-transport-sctp-4.1.119.Final.jar;C:\Users\volts\.m2\repository\io\netty\netty-transport-udt\4.1.119.Final\netty-transport-udt-4.1.119.Final.jar;C:\Users\volts\.m2\repository\io\netty\netty-transport-classes-epoll\4.1.119.Final\netty-transport-classes-epoll-4.1.119.Final.jar;C:\Users\volts\.m2\repository\io\netty\netty-transport-classes-kqueue\4.1.119.Final\netty-transport-classes-kqueue-4.1.119.Final.jar;C:\Users\volts\.m2\repository\io\netty\netty-resolver-dns-classes-macos\4.1.119.Final\netty-resolver-dns-classes-macos-4.1.119.Final.jar;C:\Users\volts\.m2\repository\io\netty\netty-transport-native-epoll\4.1.119.Final\netty-transport-native-epoll-4.1.119.Final-linux-x86_64.jar;C:\Users\volts\.m2\repository\io\netty\netty-transport-native-epoll\4.1.119.Final\netty-transport-native-epoll-4.1.119.Final-linux-aarch_64.jar;C:\Users\volts\.m2\repository\io\netty\netty-transport-native-epoll\4.1.119.Final\netty-transport-native-epoll-4.1.119.Final-linux-riscv64.jar;C:\Users\volts\.m2\repository\io\netty\netty-transport-native-kqueue\4.1.119.Final\netty-transport-native-kqueue-4.1.119.Final-osx-x86_64.jar;C:\Users\volts\.m2\repository\io\netty\netty-transport-native-kqueue\4.1.119.Final\netty-transport-native-kqueue-4.1.119.Final-osx-aarch_64.jar;C:\Users\volts\.m2\repository\io\netty\netty-resolver-dns-native-macos\4.1.119.Final\netty-resolver-dns-native-macos-4.1.119.Final-osx-x86_64.jar;C:\Users\volts\.m2\repository\io\netty\netty-resolver-dns-native-macos\4.1.119.Final\netty-resolver-dns-native-macos-4.1.119.Final-osx-aarch_64.jar;C:\Users\volts\.m2\repository\org\slf4j\slf4j-api\2.0.7\slf4j-api-2.0.7.jar;C:\Users\volts\.m2\repository\ch\qos\logback\logback-classic\1.4.7\logback-classic-1.4.7.jar;C:\Users\volts\.m2\repository\ch\qos\logback\logback-core\1.4.7\logback-core-1.4.7.jar;C:\Users\volts\.m2\repository\com\fasterxml\jackson\core\jackson-core\2.15.2\jackson-core-2.15.2.jar;C:\Users\volts\.m2\repository\com\fasterxml\jackson\core\jackson-databind\2.15.2\jackson-databind-2.15.2.jar;C:\Users\volts\.m2\repository\com\fasterxml\jackson\core\jackson-annotations\2.15.2\jackson-annotations-2.15.2.jar;C:\Users\volts\.m2\repository\org\junit\jupiter\junit-jupiter-api\5.10.0\junit-jupiter-api-5.10.0.jar;C:\Users\volts\.m2\repository\org\opentest4j\opentest4j\1.3.0\opentest4j-1.3.0.jar;C:\Users\volts\.m2\repository\org\junit\platform\junit-platform-commons\1.10.0\junit-platform-commons-1.10.0.jar;C:\Users\volts\.m2\repository\org\apiguardian\apiguardian-api\1.1.2\apiguardian-api-1.1.2.jar;C:\Users\volts\.m2\repository\org\junit\jupiter\junit-jupiter-engine\5.10.0\junit-jupiter-engine-5.10.0.jar;C:\Users\volts\.m2\repository\org\junit\platform\junit-platform-engine\1.10.0\junit-platform-engine-1.10.0.jar;C:\Users\volts\.m2\repository\org\mockito\mockito-core\5.5.0\mockito-core-5.5.0.jar;C:\Users\volts\.m2\repository\net\bytebuddy\byte-buddy\1.14.6\byte-buddy-1.14.6.jar;C:\Users\volts\.m2\repository\net\bytebuddy\byte-buddy-agent\1.14.6\byte-buddy-agent-1.14.6.jar;C:\Users\volts\.m2\repository\org\objenesis\objenesis\3.3\objenesis-3.3.jar;C:\Users\volts\.m2\repository\org\mockito\mockito-junit-jupiter\5.5.0\mockito-junit-jupiter-5.5.0.jar;"/>
    <property name="sun.cpu.endian" value="little"/>
    <property name="user.home" value="C:\Users\volts"/>
    <property name="user.language" value="ru"/>
    <property name="java.specification.vendor" value="Oracle Corporation"/>
    <property name="java.version.date" value="2025-01-21"/>
    <property name="java.home" value="C:\Program Files\Java\jdk-23"/>
    <property name="file.separator" value="\"/>
    <property name="basedir" value="C:\Users\volts\IdeaProjects\VotesSystem"/>
    <property name="java.vm.compressedOopsMode" value="Zero based"/>
    <property name="line.separator" value="&#10;"/>
    <property name="java.vm.specification.vendor" value="Oracle Corporation"/>
    <property name="java.specification.name" value="Java Platform API Specification"/>
    <property name="surefire.real.class.path" value="C:\Users\volts\AppData\Local\Temp\surefire7753856815885641449\surefirebooter-20250303061907846_3.jar"/>
    <property name="user.script" value=""/>
    <property name="sun.management.compiler" value="HotSpot 64-Bit Tiered Compilers"/>
    <property name="java.runtime.version" value="23.0.2+7-58"/>
    <property name="user.name" value="volts"/>
    <property name="stdout.encoding" value="Cp1251"/>
    <property name="path.separator" value=";"/>
    <property name="os.version" value="10.0"/>
    <property name="java.runtime.name" value="Java(TM) SE Runtime Environment"/>
    <property name="file.encoding" value="UTF-8"/>
    <property name="java.vm.name" value="Java HotSpot(TM) 64-Bit Server VM"/>
    <property name="localRepository" value="C:\Users\volts\.m2\repository"/>
    <property name="java.vendor.url.bug" value="https://bugreport.java.com/bugreport/"/>
    <property name="java.io.tmpdir" value="C:\Users\volts\AppData\Local\Temp\"/>
    <property name="java.version" value="23.0.2"/>
    <property name="user.dir" value="C:\Users\volts\IdeaProjects\VotesSystem"/>
    <property name="os.arch" value="amd64"/>
    <property name="java.vm.specification.name" value="Java Virtual Machine Specification"/>
    <property name="sun.os.patch.level" value=""/>
    <property name="native.encoding" value="Cp1251"/>
    <property name="java.library.path" value="C:\Program Files\Java\jdk-23\bin;C:\Windows\Sun\Java\bin;C:\Windows\system32;C:\Windows;C:\Program Files\Common Files\Oracle\Java\javapath;C:\Program Files (x86)\Common Files\Oracle\Java\javapath;C:\Windows\system32;C:\Windows;C:\Windows\System32\Wbem;C:\Windows\System32\WindowsPowerShell\v1.0\;C:\Windows\System32\OpenSSH\;C:\Program Files\WIDCOMM\Bluetooth Software\;C:\Program Files\WIDCOMM\Bluetooth Software\syswow64;C:\Program Files\dotnet\;C:\Program Files (x86)\NVIDIA Corporation\PhysX\Common;C:\Program Files\WireGuard\;C:\Program Files\Microsoft SQL Server\150\Tools\Binn\;C:\Program Files\Microsoft SQL Server\Client SDK\ODBC\170\Tools\Binn\;C:\Program Files\NVIDIA Corporation\NVIDIA app\NvDLISR;C:\Program Files\Go\bin;C:\Program Files\Git\cmd;C:\Program Files\GitHub CLI\;C:\Program Files\apache-maven-3.9.9\bin;C:\Program Files\Java\jdk-23\bin;C:\Users\volts\AppData\Local\Programs\Python\Python313\Scripts\;C:\Users\volts\AppData\Local\Programs\Python\Python313\;C:\Users\volts\AppData\Local\Microsoft\WindowsApps;C:\Program Files\JetBrains\PyCharm Community Edition 2023.2\bin;C:\Users\volts\PycharmProjects\appver0\venv\Scripts\python.exe;C:\Users\volts\.dotnet\tools;C:\Users\volts\AppData\Local\Programs\Microsoft VS Code\bin;C:\Users\volts\go\bin;C:\Program Files\JetBrains\IntelliJ IDEA Community Edition 2024.3.2.1\bin;."/>
    <property name="java.vm.info" value="mixed mode, sharing"/>
    <property name="stderr.encoding" value="Cp1251"/>
    <property name="java.vendor" value="Oracle Corporation"/>
    <property name="java.vm.version" value="23.0.2+7-58"/>
    <property name="sun.io.unicode.encoding" value="UnicodeLittle"/>
    <property name="java.class.version" value="67.0"/>
  </properties>
  <testcase name="testHandleDeleteVote" classname="ServerHandlerTest" time="1.046">
    <system-out><![CDATA[2025-03-03 06:19:09 INFO  server.Server - Активных пользователей: 1
2025-03-03 06:19:09 INFO  server.ServerHandler - Пользователь zhenya успешно вошел в систему
2025-03-03 06:19:09 INFO  server.ServerHandler - Пользователь zhenya создал раздел: testTopic
2025-03-03 06:19:09 INFO  server.ServerHandler - Пользователь zhenya создал голосование testVote в разделе testTopic
2025-03-03 06:19:09 INFO  server.ServerHandler - Пользователь zhenya удалил голосование testVote из раздела testTopic
]]></system-out>
    <system-err><![CDATA[WARNING: A Java agent has been loaded dynamically (C:\Users\volts\.m2\repository\net\bytebuddy\byte-buddy-agent\1.14.6\byte-buddy-agent-1.14.6.jar)
WARNING: If a serviceability tool is in use, please run with -XX:+EnableDynamicAgentLoading to hide this warning
WARNING: If a serviceability tool is not in use, please run with -Djdk.instrument.traceUsage for more information
WARNING: Dynamic loading of agents will be disallowed by default in a future release
]]></system-err>
  </testcase>
  <testcase name="testHandleSaveAndLoad" classname="ServerHandlerTest" time="0.193">
    <system-out><![CDATA[2025-03-03 06:19:09 INFO  server.Server - Активных пользователей: 1
2025-03-03 06:19:09 INFO  server.ServerHandler - Пользователь zhenya успешно вошел в систему
2025-03-03 06:19:09 INFO  server.ServerHandler - Пользователь zhenya создал раздел: testTopic
2025-03-03 06:19:09 INFO  server.ServerHandler - Пользователь zhenya создал голосование testVote в разделе testTopic
2025-03-03 06:19:09 INFO  server.Server - Данные были успешно сохранены в файл testdata.json
2025-03-03 06:19:09 WARN  server.ServerHandler - Данные сохранены в файл testdata.json
2025-03-03 06:19:09 WARN  server.ServerHandler - Данные загружены из файла testdata.json
]]></system-out>
  </testcase>
  <testcase name="testHandleViewTopics" classname="ServerHandlerTest" time="0.004">
    <system-out><![CDATA[2025-03-03 06:19:09 INFO  server.Server - Активных пользователей: 1
2025-03-03 06:19:09 INFO  server.ServerHandler - Пользователь zhenya успешно вошел в систему
2025-03-03 06:19:09 INFO  server.ServerHandler - Пользователь zhenya создал раздел: polls
2025-03-03 06:19:09 INFO  server.ServerHandler - Пользователь zhenya запросил список всех разделов
]]></system-out>
  </testcase>
  <testcase name="testHandleInvalidCommand" classname="ServerHandlerTest" time="0.002">
    <system-out><![CDATA[2025-03-03 06:19:09 WARN  server.ServerHandler - Пользователь ввел некорректную команду afkaefjksmerk
]]></system-out>
  </testcase>
  <testcase name="testHandleLogin" classname="ServerHandlerTest" time="0.002">
    <system-out><![CDATA[2025-03-03 06:19:09 INFO  server.Server - Активных пользователей: 1
2025-03-03 06:19:09 INFO  server.ServerHandler - Пользователь zhenya успешно вошел в систему
]]></system-out>
  </testcase>
  <testcase name="testHandleVote" classname="ServerHandlerTest" time="0.003">
    <system-out><![CDATA[2025-03-03 06:19:09 INFO  server.Server - Активных пользователей: 1
2025-03-03 06:19:09 INFO  server.ServerHandler - Пользователь zhenya успешно вошел в систему
2025-03-03 06:19:09 INFO  server.ServerHandler - Пользователь zhenya создал раздел: basic
2025-03-03 06:19:09 INFO  server.ServerHandler - Пользователь zhenya создал голосование animals в разделе basic
]]></system-out>
  </testcase>
  <testcase name="testHandleCreateTopic" classname="ServerHandlerTest" time="0.002">
    <system-out><![CDATA[2025-03-03 06:19:09 INFO  server.Server - Активных пользователей: 1
2025-03-03 06:19:09 INFO  server.ServerHandler - Пользователь zhenya успешно вошел в систему
2025-03-03 06:19:09 INFO  server.ServerHandler - Пользователь zhenya создал раздел: psychology
]]></system-out>
  </testcase>
</testsuite>